<?xml version="1.0" encoding="UTF-8"?>
<testng-results ignored="0" total="2" passed="1" failed="1" skipped="0">
  <reporter-output>
  </reporter-output>
  <suite started-at="2021-09-08T16:08:06 BDT" name="Default Suite" finished-at="2021-09-08T16:08:25 BDT" duration-ms="18638">
    <groups>
    </groups>
    <test started-at="2021-09-08T16:08:06 BDT" name="ExtentReportScreenShot" finished-at="2021-09-08T16:08:25 BDT" duration-ms="18638">
      <class name="FreeCRMTest">
        <test-method is-config="true" signature="setExtent()[pri:0, instance:FreeCRMTest@74f0ea28]" started-at="2021-09-08T16:08:06 BDT" name="setExtent" finished-at="2021-09-08T16:08:07 BDT" duration-ms="336" status="PASS">
          <reporter-output>
          </reporter-output>
        </test-method> <!-- setExtent -->
        <test-method is-config="true" signature="setUp()[pri:0, instance:FreeCRMTest@74f0ea28]" started-at="2021-09-08T16:08:07 BDT" name="setUp" finished-at="2021-09-08T16:08:15 BDT" duration-ms="8562" status="PASS">
          <reporter-output>
          </reporter-output>
        </test-method> <!-- setUp -->
        <test-method signature="freeCRMTLogoTest()[pri:0, instance:FreeCRMTest@74f0ea28]" started-at="2021-09-08T16:08:15 BDT" name="freeCRMTLogoTest" finished-at="2021-09-08T16:08:15 BDT" duration-ms="354" status="PASS">
          <reporter-output>
          </reporter-output>
        </test-method> <!-- freeCRMTLogoTest -->
        <test-method is-config="true" signature="tearDown(org.testng.ITestResult)[pri:0, instance:FreeCRMTest@74f0ea28]" started-at="2021-09-08T16:08:15 BDT" name="tearDown" finished-at="2021-09-08T16:08:16 BDT" duration-ms="862" status="PASS">
          <params>
            <param index="0">
              <value>
                <![CDATA[[TestResult name=freeCRMTLogoTest status=SUCCESS method=FreeCRMTest.freeCRMTLogoTest()[pri:0, instance:FreeCRMTest@74f0ea28] output={null}]]]>
              </value>
            </param>
          </params>
          <reporter-output>
          </reporter-output>
        </test-method> <!-- tearDown -->
        <test-method is-config="true" signature="setUp()[pri:0, instance:FreeCRMTest@74f0ea28]" started-at="2021-09-08T16:08:16 BDT" name="setUp" finished-at="2021-09-08T16:08:23 BDT" duration-ms="6835" status="PASS">
          <reporter-output>
          </reporter-output>
        </test-method> <!-- setUp -->
        <test-method signature="freeCRMTitleTest()[pri:0, instance:FreeCRMTest@74f0ea28]" started-at="2021-09-08T16:08:23 BDT" name="freeCRMTitleTest" finished-at="2021-09-08T16:08:23 BDT" duration-ms="21" status="FAIL">
          <exception class="java.lang.AssertionError">
            <message>
              <![CDATA[expected [# Free CRM customer relationship management software cloud] but found [#1 Free CRM customer relationship management software cloud]]]>
            </message>
            <full-stacktrace>
              <![CDATA[java.lang.AssertionError: expected [# Free CRM customer relationship management software cloud] but found [#1 Free CRM customer relationship management software cloud]
at org.testng.Assert.fail(Assert.java:97)
at org.testng.Assert.assertEqualsImpl(Assert.java:136)
at org.testng.Assert.assertEquals(Assert.java:118)
at org.testng.Assert.assertEquals(Assert.java:575)
at org.testng.Assert.assertEquals(Assert.java:585)
at FreeCRMTest.freeCRMTitleTest(FreeCRMTest.java:72)
at java.base/jdk.internal.reflect.NativeMethodAccessorImpl.invoke0(Native Method)
at java.base/jdk.internal.reflect.NativeMethodAccessorImpl.invoke(NativeMethodAccessorImpl.java:62)
at java.base/jdk.internal.reflect.DelegatingMethodAccessorImpl.invoke(DelegatingMethodAccessorImpl.java:43)
at java.base/java.lang.reflect.Method.invoke(Method.java:566)
at org.testng.internal.MethodInvocationHelper.invokeMethod(MethodInvocationHelper.java:134)
at org.testng.internal.TestInvoker.invokeMethod(TestInvoker.java:597)
at org.testng.internal.TestInvoker.invokeTestMethod(TestInvoker.java:173)
at org.testng.internal.MethodRunner.runInSequence(MethodRunner.java:46)
at org.testng.internal.TestInvoker$MethodInvocationAgent.invoke(TestInvoker.java:816)
at org.testng.internal.TestInvoker.invokeTestMethods(TestInvoker.java:146)
at org.testng.internal.TestMethodWorker.invokeTestMethods(TestMethodWorker.java:146)
at org.testng.internal.TestMethodWorker.run(TestMethodWorker.java:128)
at java.base/java.util.ArrayList.forEach(ArrayList.java:1541)
at org.testng.TestRunner.privateRun(TestRunner.java:766)
at org.testng.TestRunner.run(TestRunner.java:587)
at org.testng.SuiteRunner.runTest(SuiteRunner.java:384)
at org.testng.SuiteRunner.runSequentially(SuiteRunner.java:378)
at org.testng.SuiteRunner.privateRun(SuiteRunner.java:337)
at org.testng.SuiteRunner.run(SuiteRunner.java:286)
at org.testng.SuiteRunnerWorker.runSuite(SuiteRunnerWorker.java:53)
at org.testng.SuiteRunnerWorker.run(SuiteRunnerWorker.java:96)
at org.testng.TestNG.runSuitesSequentially(TestNG.java:1187)
at org.testng.TestNG.runSuitesLocally(TestNG.java:1109)
at org.testng.TestNG.runSuites(TestNG.java:1039)
at org.testng.TestNG.run(TestNG.java:1007)
at com.intellij.rt.testng.IDEARemoteTestNG.run(IDEARemoteTestNG.java:66)
at com.intellij.rt.testng.RemoteTestNGStarter.main(RemoteTestNGStarter.java:109)
]]>
            </full-stacktrace>
          </exception> <!-- java.lang.AssertionError -->
          <reporter-output>
          </reporter-output>
        </test-method> <!-- freeCRMTitleTest -->
        <test-method is-config="true" signature="tearDown(org.testng.ITestResult)[pri:0, instance:FreeCRMTest@74f0ea28]" started-at="2021-09-08T16:08:23 BDT" name="tearDown" finished-at="2021-09-08T16:08:25 BDT" duration-ms="1347" status="PASS">
          <params>
            <param index="0">
              <value>
                <![CDATA[[TestResult name=freeCRMTitleTest status=FAILURE method=FreeCRMTest.freeCRMTitleTest()[pri:0, instance:FreeCRMTest@74f0ea28] output={null}]]]>
              </value>
            </param>
          </params>
          <reporter-output>
          </reporter-output>
        </test-method> <!-- tearDown -->
        <test-method is-config="true" signature="endReport()[pri:0, instance:FreeCRMTest@74f0ea28]" started-at="2021-09-08T16:08:25 BDT" name="endReport" finished-at="2021-09-08T16:08:25 BDT" duration-ms="253" status="PASS">
          <reporter-output>
          </reporter-output>
        </test-method> <!-- endReport -->
      </class> <!-- FreeCRMTest -->
    </test> <!-- ExtentReportScreenShot -->
  </suite> <!-- Default Suite -->
</testng-results>
